<?xml version="1.0" encoding="UTF-8"?>
<testng-results ignored="0" total="8" passed="8" failed="0" skipped="0">
  <reporter-output>
  </reporter-output>
  <suite started-at="2026-01-19T13:59:07 IST" name="Default suite" finished-at="2026-01-19T14:04:17 IST" duration-ms="310004">
    <groups>
      <group name="cucumber">
        <method signature="AbstractTestNGCucumberTests.runScenario(io.cucumber.testng.PickleWrapper,io.cucumber.testng.FeatureWrapper)[pri:0, instance:com.runner.TestRunnerTestNG@3feb2dda]" name="runScenario" class="io.cucumber.testng.AbstractTestNGCucumberTests"/>
      </group> <!-- cucumber -->
    </groups>
    <test started-at="2026-01-19T13:59:07 IST" name="Default test" finished-at="2026-01-19T14:04:17 IST" duration-ms="310004">
      <class name="com.runner.TestRunnerTestNG">
        <test-method is-config="true" signature="setUpClass(org.testng.ITestContext)[pri:0, instance:com.runner.TestRunnerTestNG@3feb2dda]" started-at="2026-01-19T13:59:07 IST" name="setUpClass" finished-at="2026-01-19T13:59:08 IST" duration-ms="1160" status="PASS">
          <params>
            <param index="0">
              <value>
                <![CDATA[org.testng.TestRunner@6b6e2c83]]>
              </value>
            </param>
          </params>
          <reporter-output>
          </reporter-output>
        </test-method> <!-- setUpClass -->
        <test-method signature="runScenario(io.cucumber.testng.PickleWrapper,io.cucumber.testng.FeatureWrapper)[pri:0, instance:com.runner.TestRunnerTestNG@3feb2dda]" started-at="2026-01-19T13:59:08 IST" name="runScenario" description="Runs Cucumber Scenarios" data-provider="scenarios" finished-at="2026-01-19T13:59:39 IST" duration-ms="31093" status="PASS">
          <params>
            <param index="0">
              <value>
                <![CDATA["To validate that when user click on a hospital name, the hospital details page open successfully"]]>
              </value>
            </param>
            <param index="1">
              <value>
                <![CDATA["To validate hospital and booking workflow."]]>
              </value>
            </param>
          </params>
          <reporter-output>
          </reporter-output>
        </test-method> <!-- runScenario -->
        <test-method signature="runScenario(io.cucumber.testng.PickleWrapper,io.cucumber.testng.FeatureWrapper)[pri:0, instance:com.runner.TestRunnerTestNG@3feb2dda]" started-at="2026-01-19T13:59:39 IST" name="runScenario" description="Runs Cucumber Scenarios" data-provider="scenarios" finished-at="2026-01-19T14:00:12 IST" duration-ms="32923" status="PASS">
          <params>
            <param index="0">
              <value>
                <![CDATA["To validate that clicking Call Now reveals the hospital phone number."]]>
              </value>
            </param>
            <param index="1">
              <value>
                <![CDATA["To validate hospital and booking workflow."]]>
              </value>
            </param>
          </params>
          <reporter-output>
          </reporter-output>
        </test-method> <!-- runScenario -->
        <test-method signature="runScenario(io.cucumber.testng.PickleWrapper,io.cucumber.testng.FeatureWrapper)[pri:0, instance:com.runner.TestRunnerTestNG@3feb2dda]" started-at="2026-01-19T14:00:12 IST" name="runScenario" description="Runs Cucumber Scenarios" data-provider="scenarios" finished-at="2026-01-19T14:01:09 IST" duration-ms="57252" status="PASS">
          <params>
            <param index="0">
              <value>
                <![CDATA["To validate that entering a valid mobile number sends app link and shows Sent Successfully."]]>
              </value>
            </param>
            <param index="1">
              <value>
                <![CDATA["To validate hospital and booking workflow."]]>
              </value>
            </param>
          </params>
          <reporter-output>
          </reporter-output>
        </test-method> <!-- runScenario -->
        <test-method signature="runScenario(io.cucumber.testng.PickleWrapper,io.cucumber.testng.FeatureWrapper)[pri:0, instance:com.runner.TestRunnerTestNG@3feb2dda]" started-at="2026-01-19T14:01:09 IST" name="runScenario" description="Runs Cucumber Scenarios" data-provider="scenarios" finished-at="2026-01-19T14:01:41 IST" duration-ms="31304" status="PASS">
          <params>
            <param index="0">
              <value>
                <![CDATA["To validate that entering a valid mobile number sends app link and shows Sent Successfully."]]>
              </value>
            </param>
            <param index="1">
              <value>
                <![CDATA["To validate hospital and booking workflow."]]>
              </value>
            </param>
          </params>
          <reporter-output>
          </reporter-output>
        </test-method> <!-- runScenario -->
        <test-method signature="runScenario(io.cucumber.testng.PickleWrapper,io.cucumber.testng.FeatureWrapper)[pri:0, instance:com.runner.TestRunnerTestNG@3feb2dda]" started-at="2026-01-19T14:01:41 IST" name="runScenario" description="Runs Cucumber Scenarios" data-provider="scenarios" finished-at="2026-01-19T14:02:09 IST" duration-ms="28369" status="PASS">
          <params>
            <param index="0">
              <value>
                <![CDATA["To validate that entering a valid mobile number sends app link and shows Sent Successfully."]]>
              </value>
            </param>
            <param index="1">
              <value>
                <![CDATA["To validate hospital and booking workflow."]]>
              </value>
            </param>
          </params>
          <reporter-output>
          </reporter-output>
        </test-method> <!-- runScenario -->
        <test-method signature="runScenario(io.cucumber.testng.PickleWrapper,io.cucumber.testng.FeatureWrapper)[pri:0, instance:com.runner.TestRunnerTestNG@3feb2dda]" started-at="2026-01-19T14:02:09 IST" name="runScenario" description="Runs Cucumber Scenarios" data-provider="scenarios" finished-at="2026-01-19T14:02:43 IST" duration-ms="33849" status="PASS">
          <params>
            <param index="0">
              <value>
                <![CDATA["To validate that applying filters shows only eligible doctors."]]>
              </value>
            </param>
            <param index="1">
              <value>
                <![CDATA["To validate hospital and booking workflow."]]>
              </value>
            </param>
          </params>
          <reporter-output>
          </reporter-output>
        </test-method> <!-- runScenario -->
        <test-method signature="runScenario(io.cucumber.testng.PickleWrapper,io.cucumber.testng.FeatureWrapper)[pri:0, instance:com.runner.TestRunnerTestNG@3feb2dda]" started-at="2026-01-19T14:02:43 IST" name="runScenario" description="Runs Cucumber Scenarios" data-provider="scenarios" finished-at="2026-01-19T14:03:36 IST" duration-ms="53353" status="PASS">
          <params>
            <param index="0">
              <value>
                <![CDATA["To validate that user can book an appointment for Other with valid details successfully."]]>
              </value>
            </param>
            <param index="1">
              <value>
                <![CDATA["To validate hospital and booking workflow."]]>
              </value>
            </param>
          </params>
          <reporter-output>
          </reporter-output>
        </test-method> <!-- runScenario -->
        <test-method signature="runScenario(io.cucumber.testng.PickleWrapper,io.cucumber.testng.FeatureWrapper)[pri:0, instance:com.runner.TestRunnerTestNG@3feb2dda]" started-at="2026-01-19T14:03:36 IST" name="runScenario" description="Runs Cucumber Scenarios" data-provider="scenarios" finished-at="2026-01-19T14:04:16 IST" duration-ms="40074" status="PASS">
          <params>
            <param index="0">
              <value>
                <![CDATA["To validate that empty form submission is blocked and Show the error message in mandetory fields"]]>
              </value>
            </param>
            <param index="1">
              <value>
                <![CDATA["To validate hospital and booking workflow."]]>
              </value>
            </param>
          </params>
          <reporter-output>
          </reporter-output>
        </test-method> <!-- runScenario -->
        <test-method is-config="true" signature="tearDownClass()[pri:0, instance:com.runner.TestRunnerTestNG@3feb2dda]" started-at="2026-01-19T14:04:16 IST" name="tearDownClass" finished-at="2026-01-19T14:04:17 IST" duration-ms="554" status="PASS">
          <reporter-output>
          </reporter-output>
        </test-method> <!-- tearDownClass -->
      </class> <!-- com.runner.TestRunnerTestNG -->
    </test> <!-- Default test -->
  </suite> <!-- Default suite -->
</testng-results>
