<?xml version="1.0" encoding="UTF-8"?>
<!-- Generated by org.testng.reporters.JUnitReportReporter -->
<testsuite hostname="LIN-5CG11607XQ" failures="0" tests="8" name="com.runner.TestRunnerTestNG" time="308.217" errors="0" timestamp="2026-01-19T14:04:17 IST" skipped="0">
  <testcase classname="com.runner.TestRunnerTestNG" name="runScenario" time="33.849"/>
  <testcase classname="com.runner.TestRunnerTestNG" name="runScenario" time="28.369"/>
  <testcase classname="com.runner.TestRunnerTestNG" name="runScenario" time="57.252"/>
  <testcase classname="com.runner.TestRunnerTestNG" name="runScenario" time="31.093"/>
  <testcase classname="com.runner.TestRunnerTestNG" name="runScenario" time="31.304"/>
  <testcase classname="com.runner.TestRunnerTestNG" name="runScenario" time="40.074"/>
  <testcase classname="com.runner.TestRunnerTestNG" name="runScenario" time="32.923"/>
  <testcase classname="com.runner.TestRunnerTestNG" name="runScenario" time="53.353"/>
</testsuite> <!-- com.runner.TestRunnerTestNG -->
